# JRE version: OpenJDK Runtime Environment (21.0.6) (build 21.0.6+-13391695-b895.109)
# Java VM: OpenJDK 64-Bit Server VM (21.0.6+-13391695-b895.109, mixed mode, tiered, compressed oops, compressed class ptrs, g1 gc, windows-amd64)
GC Precious Log:
 CardTable entry size: 512
 Card Set container configuration: InlinePtr #cards 5 size 8 Array Of Cards #cards 12 size 40 Howl #buckets 4 coarsen threshold 1843 Howl Bitmap #cards 512 size 80 coarsen threshold 460 Card regions per heap region 1 cards per card region 2048
 CPUs: 12 total, 12 available
 Memory: 7983M
 Large Page Support: Disabled
 NUMA Support: Disabled
 Compressed Oops: Enabled (32-bit)
 Heap Region Size: 1M
 Heap Min Capacity: 8M
 Heap Initial Capacity: 126M
 Heap Max Capacity: 2G
 Pre-touch: Disabled
 Parallel Workers: 10
 Concurrent Workers: 3
 Concurrent Refinement Workers: 10
 Periodic GC: Disabled
Heap:
 garbage-first heap   total 317440K, used 197315K [0x0000000080000000, 0x0000000100000000)
  region size 1024K, 7 young (7168K), 7 survivors (7168K)
 Metaspace       used 139197K, committed 141440K, reserved 1179648K
  class space    used 19255K, committed 20416K, reserved 1048576K
GC Heap History (20 events):
Event: 68.130 GC heap after
{Heap after GC invocations=42 (full 0):
 garbage-first heap   total 184320K, used 113730K [0x0000000080000000, 0x0000000100000000)
  region size 1024K, 6 young (6144K), 6 survivors (6144K)
 Metaspace       used 119544K, committed 121728K, reserved 1179648K
  class space    used 16138K, committed 17216K, reserved 1048576K
}
Event: 71.213 GC heap before
{Heap before GC invocations=43 (full 0):
 garbage-first heap   total 191488K, used 165954K [0x0000000080000000, 0x0000000100000000)
  region size 1024K, 58 young (59392K), 6 survivors (6144K)
 Metaspace       used 121617K, committed 123840K, reserved 1179648K
  class space    used 16366K, committed 17472K, reserved 1048576K
}
Event: 71.236 GC heap after
{Heap after GC invocations=44 (full 0):
 garbage-first heap   total 191488K, used 117481K [0x0000000080000000, 0x0000000100000000)
  region size 1024K, 6 young (6144K), 6 survivors (6144K)
 Metaspace       used 121617K, committed 123840K, reserved 1179648K
  class space    used 16366K, committed 17472K, reserved 1048576K
}
Event: 72.511 GC heap before
{Heap before GC invocations=44 (full 0):
 garbage-first heap   total 191488K, used 172777K [0x0000000080000000, 0x0000000100000000)
  region size 1024K, 61 young (62464K), 6 survivors (6144K)
 Metaspace       used 122905K, committed 125184K, reserved 1179648K
  class space    used 16510K, committed 17664K, reserved 1048576K
}
Event: 72.535 GC heap after
{Heap after GC invocations=45 (full 0):
 garbage-first heap   total 191488K, used 121290K [0x0000000080000000, 0x0000000100000000)
  region size 1024K, 8 young (8192K), 8 survivors (8192K)
 Metaspace       used 122905K, committed 125184K, reserved 1179648K
  class space    used 16510K, committed 17664K, reserved 1048576K
}
Event: 73.045 GC heap before
{Heap before GC invocations=45 (full 0):
 garbage-first heap   total 191488K, used 171466K [0x0000000080000000, 0x0000000100000000)
  region size 1024K, 58 young (59392K), 8 survivors (8192K)
 Metaspace       used 123678K, committed 125888K, reserved 1179648K
  class space    used 16630K, committed 17728K, reserved 1048576K
}
Event: 73.071 GC heap after
{Heap after GC invocations=46 (full 0):
 garbage-first heap   total 191488K, used 129160K [0x0000000080000000, 0x0000000100000000)
  region size 1024K, 8 young (8192K), 8 survivors (8192K)
 Metaspace       used 123678K, committed 125888K, reserved 1179648K
  class space    used 16630K, committed 17728K, reserved 1048576K
}
Event: 73.987 GC heap before
{Heap before GC invocations=47 (full 0):
 garbage-first heap   total 217088K, used 169096K [0x0000000080000000, 0x0000000100000000)
  region size 1024K, 48 young (49152K), 8 survivors (8192K)
 Metaspace       used 125437K, committed 127680K, reserved 1179648K
  class space    used 16875K, committed 17984K, reserved 1048576K
}
Event: 74.002 GC heap after
{Heap after GC invocations=48 (full 0):
 garbage-first heap   total 217088K, used 135329K [0x0000000080000000, 0x0000000100000000)
  region size 1024K, 6 young (6144K), 6 survivors (6144K)
 Metaspace       used 125437K, committed 127680K, reserved 1179648K
  class space    used 16875K, committed 17984K, reserved 1048576K
}
Event: 75.142 GC heap before
{Heap before GC invocations=48 (full 0):
 garbage-first heap   total 217088K, used 195745K [0x0000000080000000, 0x0000000100000000)
  region size 1024K, 66 young (67584K), 6 survivors (6144K)
 Metaspace       used 129207K, committed 131392K, reserved 1179648K
  class space    used 17509K, committed 18624K, reserved 1048576K
}
Event: 75.183 GC heap after
{Heap after GC invocations=49 (full 0):
 garbage-first heap   total 261120K, used 144384K [0x0000000080000000, 0x0000000100000000)
  region size 1024K, 9 young (9216K), 9 survivors (9216K)
 Metaspace       used 129207K, committed 131392K, reserved 1179648K
  class space    used 17509K, committed 18624K, reserved 1048576K
}
Event: 76.123 GC heap before
{Heap before GC invocations=49 (full 0):
 garbage-first heap   total 261120K, used 234496K [0x0000000080000000, 0x0000000100000000)
  region size 1024K, 98 young (100352K), 9 survivors (9216K)
 Metaspace       used 132761K, committed 135040K, reserved 1179648K
  class space    used 18062K, committed 19200K, reserved 1048576K
}
Event: 76.179 GC heap after
{Heap after GC invocations=50 (full 0):
 garbage-first heap   total 261120K, used 158868K [0x0000000080000000, 0x0000000100000000)
  region size 1024K, 13 young (13312K), 13 survivors (13312K)
 Metaspace       used 132761K, committed 135040K, reserved 1179648K
  class space    used 18062K, committed 19200K, reserved 1048576K
}
Event: 76.950 GC heap before
{Heap before GC invocations=51 (full 0):
 garbage-first heap   total 266240K, used 229524K [0x0000000080000000, 0x0000000100000000)
  region size 1024K, 83 young (84992K), 13 survivors (13312K)
 Metaspace       used 134638K, committed 136960K, reserved 1179648K
  class space    used 18447K, committed 19584K, reserved 1048576K
}
Event: 77.010 GC heap after
{Heap after GC invocations=52 (full 0):
 garbage-first heap   total 266240K, used 170694K [0x0000000080000000, 0x0000000100000000)
  region size 1024K, 11 young (11264K), 11 survivors (11264K)
 Metaspace       used 134638K, committed 136960K, reserved 1179648K
  class space    used 18447K, committed 19584K, reserved 1048576K
}
Event: 77.548 GC heap before
{Heap before GC invocations=52 (full 0):
 garbage-first heap   total 266240K, used 237254K [0x0000000080000000, 0x0000000100000000)
  region size 1024K, 77 young (78848K), 11 survivors (11264K)
 Metaspace       used 135649K, committed 137984K, reserved 1179648K
  class space    used 18621K, committed 19776K, reserved 1048576K
}
Event: 77.616 GC heap after
{Heap after GC invocations=53 (full 0):
 garbage-first heap   total 266240K, used 180923K [0x0000000080000000, 0x0000000100000000)
  region size 1024K, 10 young (10240K), 10 survivors (10240K)
 Metaspace       used 135649K, committed 137984K, reserved 1179648K
  class space    used 18621K, committed 19776K, reserved 1048576K
}
Event: 78.020 GC heap before
{Heap before GC invocations=53 (full 0):
 garbage-first heap   total 266240K, used 241339K [0x0000000080000000, 0x0000000100000000)
  region size 1024K, 70 young (71680K), 10 survivors (10240K)
 Metaspace       used 137101K, committed 139392K, reserved 1179648K
  class space    used 18881K, committed 20032K, reserved 1048576K
}
Event: 78.065 GC heap after
{Heap after GC invocations=54 (full 0):
 garbage-first heap   total 266240K, used 190464K [0x0000000080000000, 0x0000000100000000)
  region size 1024K, 9 young (9216K), 9 survivors (9216K)
 Metaspace       used 137101K, committed 139392K, reserved 1179648K
  class space    used 18881K, committed 20032K, reserved 1048576K
}
Event: 78.860 GC heap before
{Heap before GC invocations=54 (full 0):
 garbage-first heap   total 317440K, used 239616K [0x0000000080000000, 0x0000000100000000)
  region size 1024K, 58 young (59392K), 9 survivors (9216K)
 Metaspace       used 139197K, committed 141440K, reserved 1179648K
  class space    used 19255K, committed 20416K, reserved 1048576K
}

