# JRE version: OpenJDK Runtime Environment (21.0.6) (build 21.0.6+-13391695-b895.109)
# Java VM: OpenJDK 64-Bit Server VM (21.0.6+-13391695-b895.109, mixed mode, tiered, compressed oops, compressed class ptrs, g1 gc, windows-amd64)
GC Precious Log:
 CardTable entry size: 512
 Card Set container configuration: InlinePtr #cards 5 size 8 Array Of Cards #cards 12 size 40 Howl #buckets 4 coarsen threshold 1843 Howl Bitmap #cards 512 size 80 coarsen threshold 460 Card regions per heap region 1 cards per card region 2048
 CPUs: 12 total, 12 available
 Memory: 7983M
 Large Page Support: Disabled
 NUMA Support: Disabled
 Compressed Oops: Enabled (32-bit)
 Heap Region Size: 1M
 Heap Min Capacity: 8M
 Heap Initial Capacity: 126M
 Heap Max Capacity: 2G
 Pre-touch: Disabled
 Parallel Workers: 10
 Concurrent Workers: 3
 Concurrent Refinement Workers: 10
 Periodic GC: Disabled
Heap:
 garbage-first heap   total 353280K, used 213057K [0x0000000080000000, 0x0000000100000000)
  region size 1024K, 15 young (15360K), 15 survivors (15360K)
 Metaspace       used 149775K, committed 152128K, reserved 1245184K
  class space    used 20309K, committed 21504K, reserved 1048576K
GC Heap History (20 events):
Event: 88.550 GC heap after
{Heap after GC invocations=62 (full 0):
 garbage-first heap   total 285696K, used 164570K [0x0000000080000000, 0x0000000100000000)
  region size 1024K, 3 young (3072K), 3 survivors (3072K)
 Metaspace       used 128069K, committed 130368K, reserved 1179648K
  class space    used 16939K, committed 18112K, reserved 1048576K
}
Event: 89.860 GC heap before
{Heap before GC invocations=62 (full 0):
 garbage-first heap   total 285696K, used 230106K [0x0000000080000000, 0x0000000100000000)
  region size 1024K, 68 young (69632K), 3 survivors (3072K)
 Metaspace       used 128964K, committed 131264K, reserved 1179648K
  class space    used 17047K, committed 18176K, reserved 1048576K
}
Event: 89.883 GC heap after
{Heap after GC invocations=63 (full 0):
 garbage-first heap   total 285696K, used 171562K [0x0000000080000000, 0x0000000100000000)
  region size 1024K, 9 young (9216K), 9 survivors (9216K)
 Metaspace       used 128964K, committed 131264K, reserved 1179648K
  class space    used 17047K, committed 18176K, reserved 1048576K
}
Event: 92.403 GC heap before
{Heap before GC invocations=64 (full 0):
 garbage-first heap   total 285696K, used 220714K [0x0000000080000000, 0x0000000100000000)
  region size 1024K, 74 young (75776K), 9 survivors (9216K)
 Metaspace       used 129650K, committed 131904K, reserved 1179648K
  class space    used 17122K, committed 18240K, reserved 1048576K
}
Event: 92.429 GC heap after
{Heap after GC invocations=65 (full 0):
 garbage-first heap   total 285696K, used 157099K [0x0000000080000000, 0x0000000100000000)
  region size 1024K, 4 young (4096K), 4 survivors (4096K)
 Metaspace       used 129650K, committed 131904K, reserved 1179648K
  class space    used 17122K, committed 18240K, reserved 1048576K
}
Event: 93.773 GC heap before
{Heap before GC invocations=65 (full 0):
 garbage-first heap   total 285696K, used 236971K [0x0000000080000000, 0x0000000100000000)
  region size 1024K, 83 young (84992K), 4 survivors (4096K)
 Metaspace       used 132485K, committed 134784K, reserved 1179648K
  class space    used 17548K, committed 18688K, reserved 1048576K
}
Event: 93.796 GC heap after
{Heap after GC invocations=66 (full 0):
 garbage-first heap   total 285696K, used 149212K [0x0000000080000000, 0x0000000100000000)
  region size 1024K, 11 young (11264K), 11 survivors (11264K)
 Metaspace       used 132485K, committed 134784K, reserved 1179648K
  class space    used 17548K, committed 18688K, reserved 1048576K
}
Event: 95.336 GC heap before
{Heap before GC invocations=66 (full 0):
 garbage-first heap   total 285696K, used 238300K [0x0000000080000000, 0x0000000100000000)
  region size 1024K, 99 young (101376K), 11 survivors (11264K)
 Metaspace       used 136901K, committed 139200K, reserved 1179648K
  class space    used 18282K, committed 19456K, reserved 1048576K
}
Event: 95.381 GC heap after
{Heap after GC invocations=67 (full 0):
 garbage-first heap   total 285696K, used 163655K [0x0000000080000000, 0x0000000100000000)
  region size 1024K, 13 young (13312K), 13 survivors (13312K)
 Metaspace       used 136901K, committed 139200K, reserved 1179648K
  class space    used 18282K, committed 19456K, reserved 1048576K
}
Event: 96.262 GC heap before
{Heap before GC invocations=67 (full 0):
 garbage-first heap   total 285696K, used 244551K [0x0000000080000000, 0x0000000100000000)
  region size 1024K, 93 young (95232K), 13 survivors (13312K)
 Metaspace       used 140629K, committed 142912K, reserved 1179648K
  class space    used 18867K, committed 20032K, reserved 1048576K
}
Event: 96.322 GC heap after
{Heap after GC invocations=68 (full 0):
 garbage-first heap   total 285696K, used 177152K [0x0000000080000000, 0x0000000100000000)
  region size 1024K, 12 young (12288K), 12 survivors (12288K)
 Metaspace       used 140629K, committed 142912K, reserved 1179648K
  class space    used 18867K, committed 20032K, reserved 1048576K
}
Event: 97.039 GC heap before
{Heap before GC invocations=69 (full 0):
 garbage-first heap   total 293888K, used 246784K [0x0000000080000000, 0x0000000100000000)
  region size 1024K, 82 young (83968K), 12 survivors (12288K)
 Metaspace       used 141737K, committed 144000K, reserved 1179648K
  class space    used 19092K, committed 20224K, reserved 1048576K
}
Event: 97.107 GC heap after
{Heap after GC invocations=70 (full 0):
 garbage-first heap   total 353280K, used 189977K [0x0000000080000000, 0x0000000100000000)
  region size 1024K, 11 young (11264K), 11 survivors (11264K)
 Metaspace       used 141737K, committed 144000K, reserved 1179648K
  class space    used 19092K, committed 20224K, reserved 1048576K
}
Event: 98.591 GC heap before
{Heap before GC invocations=70 (full 0):
 garbage-first heap   total 353280K, used 306713K [0x0000000080000000, 0x0000000100000000)
  region size 1024K, 126 young (129024K), 11 survivors (11264K)
 Metaspace       used 146757K, committed 149056K, reserved 1179648K
  class space    used 19958K, committed 21120K, reserved 1048576K
}
Event: 98.655 GC heap after
{Heap after GC invocations=71 (full 0):
 garbage-first heap   total 353280K, used 204973K [0x0000000080000000, 0x0000000100000000)
  region size 1024K, 15 young (15360K), 15 survivors (15360K)
 Metaspace       used 146757K, committed 149056K, reserved 1179648K
  class space    used 19958K, committed 21120K, reserved 1048576K
}
Event: 99.886 GC heap before
{Heap before GC invocations=71 (full 0):
 garbage-first heap   total 353280K, used 307373K [0x0000000080000000, 0x0000000100000000)
  region size 1024K, 115 young (117760K), 15 survivors (15360K)
 Metaspace       used 148939K, committed 151232K, reserved 1179648K
  class space    used 20225K, committed 21376K, reserved 1048576K
}
Event: 99.927 GC heap after
{Heap after GC invocations=72 (full 0):
 garbage-first heap   total 353280K, used 202489K [0x0000000080000000, 0x0000000100000000)
  region size 1024K, 5 young (5120K), 5 survivors (5120K)
 Metaspace       used 148939K, committed 151232K, reserved 1179648K
  class space    used 20225K, committed 21376K, reserved 1048576K
}
Event: 101.027 GC heap before
{Heap before GC invocations=72 (full 0):
 garbage-first heap   total 353280K, used 310009K [0x0000000080000000, 0x0000000100000000)
  region size 1024K, 111 young (113664K), 5 survivors (5120K)
 Metaspace       used 149528K, committed 151872K, reserved 1179648K
  class space    used 20302K, committed 21504K, reserved 1048576K
}
Event: 101.049 GC heap after
{Heap after GC invocations=73 (full 0):
 garbage-first heap   total 353280K, used 204466K [0x0000000080000000, 0x0000000100000000)
  region size 1024K, 7 young (7168K), 7 survivors (7168K)
 Metaspace       used 149528K, committed 151872K, reserved 1179648K
  class space    used 20302K, committed 21504K, reserved 1048576K
}
Event: 102.042 GC heap before
{Heap before GC invocations=73 (full 0):
 garbage-first heap   total 353280K, used 317106K [0x0000000080000000, 0x0000000100000000)
  region size 1024K, 118 young (120832K), 7 survivors (7168K)
 Metaspace       used 149775K, committed 152128K, reserved 1245184K
  class space    used 20309K, committed 21504K, reserved 1048576K
}

