# JRE version: OpenJDK Runtime Environment (21.0.6) (build 21.0.6+-13391695-b895.109)
# Java VM: OpenJDK 64-Bit Server VM (21.0.6+-13391695-b895.109, mixed mode, tiered, compressed oops, compressed class ptrs, g1 gc, windows-amd64)
GC Precious Log:
 CardTable entry size: 512
 Card Set container configuration: InlinePtr #cards 5 size 8 Array Of Cards #cards 12 size 40 Howl #buckets 4 coarsen threshold 1843 Howl Bitmap #cards 512 size 80 coarsen threshold 460 Card regions per heap region 1 cards per card region 2048
 CPUs: 12 total, 12 available
 Memory: 7983M
 Large Page Support: Disabled
 NUMA Support: Disabled
 Compressed Oops: Enabled (32-bit)
 Heap Region Size: 1M
 Heap Min Capacity: 8M
 Heap Initial Capacity: 126M
 Heap Max Capacity: 2G
 Pre-touch: Disabled
 Parallel Workers: 10
 Concurrent Workers: 3
 Concurrent Refinement Workers: 10
 Periodic GC: Disabled
Heap:
 garbage-first heap   total 293888K, used 140528K [0x0000000080000000, 0x0000000100000000)
  region size 1024K, 9 young (9216K), 9 survivors (9216K)
 Metaspace       used 147109K, committed 149504K, reserved 1179648K
  class space    used 18672K, committed 19904K, reserved 1048576K
GC Heap History (20 events):
Event: 124.801 GC heap after
{Heap after GC invocations=61 (full 0):
 garbage-first heap   total 293888K, used 153115K [0x0000000080000000, 0x0000000100000000)
  region size 1024K, 7 young (7168K), 7 survivors (7168K)
 Metaspace       used 138634K, committed 141056K, reserved 1179648K
  class space    used 17919K, committed 19136K, reserved 1048576K
}
Event: 129.559 GC heap before
{Heap before GC invocations=61 (full 0):
 garbage-first heap   total 293888K, used 260635K [0x0000000080000000, 0x0000000100000000)
  region size 1024K, 113 young (115712K), 7 survivors (7168K)
 Metaspace       used 140977K, committed 143296K, reserved 1179648K
  class space    used 18168K, committed 19328K, reserved 1048576K
}
Event: 129.600 GC heap after
{Heap after GC invocations=62 (full 0):
 garbage-first heap   total 293888K, used 139414K [0x0000000080000000, 0x0000000100000000)
  region size 1024K, 13 young (13312K), 13 survivors (13312K)
 Metaspace       used 140977K, committed 143296K, reserved 1179648K
  class space    used 18168K, committed 19328K, reserved 1048576K
}
Event: 139.743 GC heap before
{Heap before GC invocations=62 (full 0):
 garbage-first heap   total 293888K, used 257174K [0x0000000080000000, 0x0000000100000000)
  region size 1024K, 130 young (133120K), 13 survivors (13312K)
 Metaspace       used 141520K, committed 143808K, reserved 1179648K
  class space    used 18206K, committed 19392K, reserved 1048576K
}
Event: 139.814 GC heap after
{Heap after GC invocations=63 (full 0):
 garbage-first heap   total 293888K, used 142376K [0x0000000080000000, 0x0000000100000000)
  region size 1024K, 10 young (10240K), 10 survivors (10240K)
 Metaspace       used 141520K, committed 143808K, reserved 1179648K
  class space    used 18206K, committed 19392K, reserved 1048576K
}
Event: 140.582 GC heap before
{Heap before GC invocations=64 (full 0):
 garbage-first heap   total 293888K, used 264232K [0x0000000080000000, 0x0000000100000000)
  region size 1024K, 130 young (133120K), 10 survivors (10240K)
 Metaspace       used 141552K, committed 143936K, reserved 1179648K
  class space    used 18206K, committed 19392K, reserved 1048576K
}
Event: 140.603 GC heap after
{Heap after GC invocations=65 (full 0):
 garbage-first heap   total 293888K, used 141282K [0x0000000080000000, 0x0000000100000000)
  region size 1024K, 4 young (4096K), 4 survivors (4096K)
 Metaspace       used 141552K, committed 143936K, reserved 1179648K
  class space    used 18206K, committed 19392K, reserved 1048576K
}
Event: 142.443 GC heap before
{Heap before GC invocations=65 (full 0):
 garbage-first heap   total 293888K, used 273378K [0x0000000080000000, 0x0000000100000000)
  region size 1024K, 132 young (135168K), 4 survivors (4096K)
 Metaspace       used 146065K, committed 148480K, reserved 1179648K
  class space    used 18606K, committed 19840K, reserved 1048576K
}
Event: 142.461 GC heap after
{Heap after GC invocations=66 (full 0):
 garbage-first heap   total 293888K, used 139828K [0x0000000080000000, 0x0000000100000000)
  region size 1024K, 7 young (7168K), 7 survivors (7168K)
 Metaspace       used 146065K, committed 148480K, reserved 1179648K
  class space    used 18606K, committed 19840K, reserved 1048576K
}
Event: 143.325 GC heap before
{Heap before GC invocations=66 (full 0):
 garbage-first heap   total 293888K, used 269876K [0x0000000080000000, 0x0000000100000000)
  region size 1024K, 135 young (138240K), 7 survivors (7168K)
 Metaspace       used 146592K, committed 148928K, reserved 1179648K
  class space    used 18655K, committed 19840K, reserved 1048576K
}
Event: 143.351 GC heap after
{Heap after GC invocations=67 (full 0):
 garbage-first heap   total 293888K, used 141176K [0x0000000080000000, 0x0000000100000000)
  region size 1024K, 8 young (8192K), 8 survivors (8192K)
 Metaspace       used 146592K, committed 148928K, reserved 1179648K
  class space    used 18655K, committed 19840K, reserved 1048576K
}
Event: 144.066 GC heap before
{Heap before GC invocations=68 (full 0):
 garbage-first heap   total 293888K, used 269176K [0x0000000080000000, 0x0000000100000000)
  region size 1024K, 134 young (137216K), 8 survivors (8192K)
 Metaspace       used 146735K, committed 149056K, reserved 1179648K
  class space    used 18658K, committed 19840K, reserved 1048576K
}
Event: 144.082 GC heap after
{Heap after GC invocations=69 (full 0):
 garbage-first heap   total 293888K, used 139624K [0x0000000080000000, 0x0000000100000000)
  region size 1024K, 7 young (7168K), 7 survivors (7168K)
 Metaspace       used 146735K, committed 149056K, reserved 1179648K
  class space    used 18658K, committed 19840K, reserved 1048576K
}
Event: 144.595 GC heap before
{Heap before GC invocations=69 (full 0):
 garbage-first heap   total 293888K, used 269672K [0x0000000080000000, 0x0000000100000000)
  region size 1024K, 135 young (138240K), 7 survivors (7168K)
 Metaspace       used 146913K, committed 149312K, reserved 1179648K
  class space    used 18672K, committed 19904K, reserved 1048576K
}
Event: 144.630 GC heap after
{Heap after GC invocations=70 (full 0):
 garbage-first heap   total 293888K, used 138593K [0x0000000080000000, 0x0000000100000000)
  region size 1024K, 9 young (9216K), 9 survivors (9216K)
 Metaspace       used 146913K, committed 149312K, reserved 1179648K
  class space    used 18672K, committed 19904K, reserved 1048576K
}
Event: 144.681 GC heap before
{Heap before GC invocations=70 (full 0):
 garbage-first heap   total 293888K, used 149857K [0x0000000080000000, 0x0000000100000000)
  region size 1024K, 22 young (22528K), 9 survivors (9216K)
 Metaspace       used 146924K, committed 149312K, reserved 1179648K
  class space    used 18672K, committed 19904K, reserved 1048576K
}
Event: 144.702 GC heap after
{Heap after GC invocations=71 (full 0):
 garbage-first heap   total 293888K, used 136584K [0x0000000080000000, 0x0000000100000000)
  region size 1024K, 7 young (7168K), 7 survivors (7168K)
 Metaspace       used 146924K, committed 149312K, reserved 1179648K
  class space    used 18672K, committed 19904K, reserved 1048576K
}
Event: 145.516 GC heap before
{Heap before GC invocations=72 (full 0):
 garbage-first heap   total 293888K, used 272776K [0x0000000080000000, 0x0000000100000000)
  region size 1024K, 137 young (140288K), 7 survivors (7168K)
 Metaspace       used 147058K, committed 149440K, reserved 1179648K
  class space    used 18672K, committed 19904K, reserved 1048576K
}
Event: 145.539 GC heap after
{Heap after GC invocations=73 (full 0):
 garbage-first heap   total 293888K, used 143169K [0x0000000080000000, 0x0000000100000000)
  region size 1024K, 10 young (10240K), 10 survivors (10240K)
 Metaspace       used 147058K, committed 149440K, reserved 1179648K
  class space    used 18672K, committed 19904K, reserved 1048576K
}
Event: 146.266 GC heap before
{Heap before GC invocations=73 (full 0):
 garbage-first heap   total 293888K, used 266049K [0x0000000080000000, 0x0000000100000000)
  region size 1024K, 131 young (134144K), 10 survivors (10240K)
 Metaspace       used 147109K, committed 149504K, reserved 1179648K
  class space    used 18672K, committed 19904K, reserved 1048576K
}

